Using pre-set license

 COMMAND LINE ARGUMENTS:
/Applications/Unity/Hub/Editor/2021.1.1f1/Unity.app/Contents/MacOS/Unity
-adb2
-batchMode
-noUpm
-name
AssetImportWorker0
-projectPath
/Users/thomas/Projects/ink-farm/src
-logFile
Logs/AssetImportWorker0.log
-srvPort
55166
Successfully changed project path to: /Users/thomas/Projects/ink-farm/src
/Users/thomas/Projects/ink-farm/src
Using Asset Import Pipeline V2.
Refreshing native plugins compatible for Editor in 77.00 ms, found 1 plugins.
Preloading 0 native plugins for Editor in 0.00 ms.
Initialize engine version: 2021.1.1f1 (6fdc41dfa55a)
[Subsystems] Discovering subsystems at path /Applications/Unity/Hub/Editor/2021.1.1f1/Unity.app/Contents/Resources/UnitySubsystems
[Subsystems] Discovering subsystems at path /Users/thomas/Projects/ink-farm/src/Assets
GfxDevice: creating device client; threaded=0; jobified=0
2021-04-12 02:58:59.797 Unity[33836:11900763] Color LCD preferred device: AMD Radeon Pro 5500M (high power)
2021-04-12 02:58:59.797 Unity[33836:11900763] Metal devices available: 2
2021-04-12 02:58:59.798 Unity[33836:11900763] 0: AMD Radeon Pro 5500M (high power)
2021-04-12 02:58:59.798 Unity[33836:11900763] 1: Intel(R) UHD Graphics 630 (low power)
2021-04-12 02:58:59.798 Unity[33836:11900763] Using device AMD Radeon Pro 5500M (high power)
Initializing Metal device caps: AMD Radeon Pro 5500M
Initialize mono
Mono path[0] = '/Applications/Unity/Hub/Editor/2021.1.1f1/Unity.app/Contents/Managed'
Mono path[1] = '/Applications/Unity/Hub/Editor/2021.1.1f1/Unity.app/Contents/MonoBleedingEdge/lib/mono/unityjit'
Mono config path = '/Applications/Unity/Hub/Editor/2021.1.1f1/Unity.app/Contents/MonoBleedingEdge/etc'
Using monoOptions --debugger-agent=transport=dt_socket,embedding=1,server=y,suspend=n,address=127.0.0.1:56836
Begin MonoManager ReloadAssembly
Registering precompiled unity dll's ...
Register platform support module: /Applications/Unity/Hub/Editor/2021.1.1f1/Unity.app/Contents/PlaybackEngines/MacStandaloneSupport/UnityEditor.OSXStandalone.Extensions.dll
Register platform support module: /Applications/Unity/Hub/Editor/2021.1.1f1/PlaybackEngines/WindowsStandaloneSupport/UnityEditor.WindowsStandalone.Extensions.dll
Register platform support module: /Applications/Unity/Hub/Editor/2021.1.1f1/PlaybackEngines/LinuxStandaloneSupport/UnityEditor.LinuxStandalone.Extensions.dll
Registered in 0.001320 seconds.
Native extension for LinuxStandalone target not found
Native extension for WindowsStandalone target not found
Native extension for OSXStandalone target not found
Refreshing native plugins compatible for Editor in 76.52 ms, found 1 plugins.
Preloading 0 native plugins for Editor in 0.00 ms.
Mono: successfully reloaded assembly
- Completed reload, in  2.433 seconds
Platform modules already initialized, skipping
Registering precompiled user dll's ...
Registered in 0.001326 seconds.
Begin MonoManager ReloadAssembly
Native extension for LinuxStandalone target not found
Native extension for WindowsStandalone target not found
Native extension for OSXStandalone target not found
Refreshing native plugins compatible for Editor in 0.95 ms, found 1 plugins.
Preloading 0 native plugins for Editor in 0.00 ms.
Mono: successfully reloaded assembly
- Completed reload, in  1.474 seconds
Platform modules already initialized, skipping
========================================================================
Worker process is ready to serve import requests
Launching external process: /Applications/Unity/Hub/Editor/2021.1.1f1/Unity.app/Contents/Tools/UnityShaderCompiler
Launched and connected shader compiler UnityShaderCompiler after 0.04 seconds
Refreshing native plugins compatible for Editor in 0.54 ms, found 1 plugins.
Preloading 0 native plugins for Editor in 0.00 ms.
Unloading 2700 Unused Serialized files (Serialized files now loaded: 0)
System memory in use before: 180.9 MB.
System memory in use after: 181.1 MB.

Unloading 14 unused Assets to reduce memory usage. Loaded Objects now: 3166.
Total: 4.067499 ms (FindLiveObjects: 0.710807 ms CreateObjectMapping: 0.265746 ms MarkObjects: 3.002909 ms  DeleteObjects: 0.082653 ms)

========================================================================
Received Import Request.
  path: Assets/Terrain Data.asset
  artifactKey: Guid(eb06af58218e217438a524d2e88e107d) Importer(815301076,1909f56bfc062723c751e8b465ee728b)
Start importing Assets/Terrain Data.asset using Guid(eb06af58218e217438a524d2e88e107d) Importer(815301076,1909f56bfc062723c751e8b465ee728b)  -> (artifact id: 'ebb2427f99a3758dbc7901dd7c171d2c') in 1.261426 seconds 
========================================================================
Received Import Request.
  Time since last request: 0.000222 seconds.
  path: Assets/placeholder.mat
  artifactKey: Guid(63399ebfc5622b2459574699ec43a80b) Importer(815301076,1909f56bfc062723c751e8b465ee728b)
Start importing Assets/placeholder.mat using Guid(63399ebfc5622b2459574699ec43a80b) Importer(815301076,1909f56bfc062723c751e8b465ee728b)  -> (artifact id: 'b74acdca2d6e9ef83712810c9e96c5a1') in 0.550571 seconds 
