Using pre-set license

 COMMAND LINE ARGUMENTS:
/Applications/Unity/Hub/Editor/2021.1.1f1/Unity.app/Contents/MacOS/Unity
-adb2
-batchMode
-noUpm
-name
AssetImportWorker0
-projectPath
/Users/thomas/Projects/ink-farm/src
-logFile
Logs/AssetImportWorker0.log
-srvPort
55469
Successfully changed project path to: /Users/thomas/Projects/ink-farm/src
/Users/thomas/Projects/ink-farm/src
Using Asset Import Pipeline V2.
Refreshing native plugins compatible for Editor in 83.70 ms, found 1 plugins.
Preloading 0 native plugins for Editor in 0.00 ms.
Initialize engine version: 2021.1.1f1 (6fdc41dfa55a)
[Subsystems] Discovering subsystems at path /Applications/Unity/Hub/Editor/2021.1.1f1/Unity.app/Contents/Resources/UnitySubsystems
[Subsystems] Discovering subsystems at path /Users/thomas/Projects/ink-farm/src/Assets
GfxDevice: creating device client; threaded=0; jobified=0
2021-04-12 03:05:38.320 Unity[34291:11908496] Color LCD preferred device: AMD Radeon Pro 5500M (high power)
2021-04-12 03:05:38.320 Unity[34291:11908496] Metal devices available: 2
2021-04-12 03:05:38.321 Unity[34291:11908496] 0: AMD Radeon Pro 5500M (high power)
2021-04-12 03:05:38.321 Unity[34291:11908496] 1: Intel(R) UHD Graphics 630 (low power)
2021-04-12 03:05:38.321 Unity[34291:11908496] Using device AMD Radeon Pro 5500M (high power)
Initializing Metal device caps: AMD Radeon Pro 5500M
Initialize mono
Mono path[0] = '/Applications/Unity/Hub/Editor/2021.1.1f1/Unity.app/Contents/Managed'
Mono path[1] = '/Applications/Unity/Hub/Editor/2021.1.1f1/Unity.app/Contents/MonoBleedingEdge/lib/mono/unityjit'
Mono config path = '/Applications/Unity/Hub/Editor/2021.1.1f1/Unity.app/Contents/MonoBleedingEdge/etc'
Using monoOptions --debugger-agent=transport=dt_socket,embedding=1,server=y,suspend=n,address=127.0.0.1:56291
Begin MonoManager ReloadAssembly
Registering precompiled unity dll's ...
Register platform support module: /Applications/Unity/Hub/Editor/2021.1.1f1/Unity.app/Contents/PlaybackEngines/MacStandaloneSupport/UnityEditor.OSXStandalone.Extensions.dll
Register platform support module: /Applications/Unity/Hub/Editor/2021.1.1f1/PlaybackEngines/WindowsStandaloneSupport/UnityEditor.WindowsStandalone.Extensions.dll
Register platform support module: /Applications/Unity/Hub/Editor/2021.1.1f1/PlaybackEngines/LinuxStandaloneSupport/UnityEditor.LinuxStandalone.Extensions.dll
Registered in 0.000739 seconds.
Native extension for LinuxStandalone target not found
Native extension for WindowsStandalone target not found
Native extension for OSXStandalone target not found
Refreshing native plugins compatible for Editor in 67.80 ms, found 1 plugins.
Preloading 0 native plugins for Editor in 0.00 ms.
Mono: successfully reloaded assembly
- Completed reload, in  2.310 seconds
Platform modules already initialized, skipping
Registering precompiled user dll's ...
Registered in 0.001332 seconds.
Begin MonoManager ReloadAssembly
Native extension for LinuxStandalone target not found
Native extension for WindowsStandalone target not found
Native extension for OSXStandalone target not found
Refreshing native plugins compatible for Editor in 0.43 ms, found 1 plugins.
Preloading 0 native plugins for Editor in 0.00 ms.
Mono: successfully reloaded assembly
- Completed reload, in  1.017 seconds
Platform modules already initialized, skipping
========================================================================
Worker process is ready to serve import requests
Launching external process: /Applications/Unity/Hub/Editor/2021.1.1f1/Unity.app/Contents/Tools/UnityShaderCompiler
Launched and connected shader compiler UnityShaderCompiler after 0.01 seconds
Refreshing native plugins compatible for Editor in 0.44 ms, found 1 plugins.
Preloading 0 native plugins for Editor in 0.00 ms.
Unloading 2700 Unused Serialized files (Serialized files now loaded: 0)
System memory in use before: 182.3 MB.
System memory in use after: 182.5 MB.

Unloading 14 unused Assets to reduce memory usage. Loaded Objects now: 3168.
Total: 1.981058 ms (FindLiveObjects: 0.205439 ms CreateObjectMapping: 0.104391 ms MarkObjects: 1.617106 ms  DeleteObjects: 0.053381 ms)

========================================================================
Received Import Request.
  path: Assets/Terrain Data.asset
  artifactKey: Guid(eb06af58218e217438a524d2e88e107d) Importer(815301076,1909f56bfc062723c751e8b465ee728b)
Start importing Assets/Terrain Data.asset using Guid(eb06af58218e217438a524d2e88e107d) Importer(815301076,1909f56bfc062723c751e8b465ee728b)  -> (artifact id: 'ffe6f5fa5da8f6d83594573cb423eea6') in 0.977716 seconds 
========================================================================
Received Import Request.
  Time since last request: 21.944842 seconds.
  path: Assets/Scripts
  artifactKey: Guid(bb4d01467ab600041aa568a08bdc6205) Importer(815301076,1909f56bfc062723c751e8b465ee728b)
Start importing Assets/Scripts using Guid(bb4d01467ab600041aa568a08bdc6205) Importer(815301076,1909f56bfc062723c751e8b465ee728b)  -> (artifact id: 'cc1dd0cd3d9fc297ccd7b1b549dba19e') in 0.001080 seconds 
========================================================================
Received Import Request.
  Time since last request: 1.296026 seconds.
  path: Assets/Scripts/Enemy
  artifactKey: Guid(5cd00f6fad287c2409a52d2bd86c3d0e) Importer(815301076,1909f56bfc062723c751e8b465ee728b)
Start importing Assets/Scripts/Enemy using Guid(5cd00f6fad287c2409a52d2bd86c3d0e) Importer(815301076,1909f56bfc062723c751e8b465ee728b)  -> (artifact id: '13ded9e8f1f1d4153081c9987e6f4edf') in 0.001305 seconds 
========================================================================
Received Import Request.
  Time since last request: 1.066431 seconds.
  path: Assets/Scripts/Enemy/InvestorScript.cs
  artifactKey: Guid(a027de791b1178341806559a172c181f) Importer(815301076,1909f56bfc062723c751e8b465ee728b)
Start importing Assets/Scripts/Enemy/InvestorScript.cs using Guid(a027de791b1178341806559a172c181f) Importer(815301076,1909f56bfc062723c751e8b465ee728b)  -> (artifact id: 'f9798cee89cf402537ff89a5aa08c45d') in 0.323743 seconds 
========================================================================
Received Import Request.
  Time since last request: 0.394580 seconds.
  path: Assets/Scripts/Enemy/InvestorSpawnerScript.cs
  artifactKey: Guid(7bebc6bf8e46ca645ad1ad1595cf696d) Importer(815301076,1909f56bfc062723c751e8b465ee728b)
Start importing Assets/Scripts/Enemy/InvestorSpawnerScript.cs using Guid(7bebc6bf8e46ca645ad1ad1595cf696d) Importer(815301076,1909f56bfc062723c751e8b465ee728b)  -> (artifact id: 'fdc3de8cb755db34ef1d1ef63ed581a1') in 0.004031 seconds 
========================================================================
Received Import Request.
  Time since last request: 1.152160 seconds.
  path: Assets/Scripts/Enemy/groanScript.cs
  artifactKey: Guid(f3431d85d96744daf9b9c7649fd89c18) Importer(815301076,1909f56bfc062723c751e8b465ee728b)
Start importing Assets/Scripts/Enemy/groanScript.cs using Guid(f3431d85d96744daf9b9c7649fd89c18) Importer(815301076,1909f56bfc062723c751e8b465ee728b)  -> (artifact id: 'eeb18f66189e7fceb4da24d7930ff224') in 0.003380 seconds 
AssetImportWorkerClient::OnTransportError - code=2 error=End of file
